# JRE version: Java(TM) SE Runtime Environment (8.0_60-b27) (build 1.8.0_60-b27)
# Java VM: Java HotSpot(TM) 64-Bit Server VM (25.60-b23 mixed mode windows-amd64 compressed oops)
Heap:
 PSYoungGen      total 76288K, used 7037K [0x00000000f5580000, 0x00000000faa80000, 0x0000000100000000)
  eden space 65536K, 1% used [0x00000000f5580000,0x00000000f5684818,0x00000000f9580000)
  from space 10752K, 55% used [0x00000000fa000000,0x00000000fa5dafa0,0x00000000faa80000)
  to   space 10752K, 0% used [0x00000000f9580000,0x00000000f9580000,0x00000000fa000000)
 ParOldGen       total 175104K, used 12589K [0x00000000e0000000, 0x00000000eab00000, 0x00000000f5580000)
  object space 175104K, 7% used [0x00000000e0000000,0x00000000e0c4b790,0x00000000eab00000)
 Metaspace       used 38416K, capacity 40174K, committed 40320K, reserved 1083392K
  class space    used 5536K, capacity 5903K, committed 6016K, reserved 1048576K
GC Heap History (10 events):
Event: 3.846 GC heap before
{Heap before GC invocations=6 (full 1):
 PSYoungGen      total 76288K, used 65536K [0x00000000f5580000, 0x00000000faa80000, 0x0000000100000000)
  eden space 65536K, 100% used [0x00000000f5580000,0x00000000f9580000,0x00000000f9580000)
  from space 10752K, 0% used [0x00000000fa000000,0x00000000fa000000,0x00000000faa80000)
  to   space 10752K, 0% used [0x00000000f9580000,0x00000000f9580000,0x00000000fa000000)
 ParOldGen       total 175104K, used 6621K [0x00000000e0000000, 0x00000000eab00000, 0x00000000f5580000)
  object space 175104K, 3% used [0x00000000e0000000,0x00000000e06776c0,0x00000000eab00000)
 Metaspace       used 28448K, capacity 29372K, committed 29568K, reserved 1075200K
  class space    used 4134K, capacity 4360K, committed 4480K, reserved 1048576K
Event: 3.851 GC heap after
Heap after GC invocations=6 (full 1):
 PSYoungGen      total 76288K, used 8343K [0x00000000f5580000, 0x00000000faa80000, 0x0000000100000000)
  eden space 65536K, 0% used [0x00000000f5580000,0x00000000f5580000,0x00000000f9580000)
  from space 10752K, 77% used [0x00000000f9580000,0x00000000f9da5dc8,0x00000000fa000000)
  to   space 10752K, 0% used [0x00000000fa000000,0x00000000fa000000,0x00000000faa80000)
 ParOldGen       total 175104K, used 6629K [0x00000000e0000000, 0x00000000eab00000, 0x00000000f5580000)
  object space 175104K, 3% used [0x00000000e0000000,0x00000000e06796c0,0x00000000eab00000)
 Metaspace       used 28448K, capacity 29372K, committed 29568K, reserved 1075200K
  class space    used 4134K, capacity 4360K, committed 4480K, reserved 1048576K
}
Event: 4.288 GC heap before
{Heap before GC invocations=7 (full 1):
 PSYoungGen      total 76288K, used 73879K [0x00000000f5580000, 0x00000000faa80000, 0x0000000100000000)
  eden space 65536K, 100% used [0x00000000f5580000,0x00000000f9580000,0x00000000f9580000)
  from space 10752K, 77% used [0x00000000f9580000,0x00000000f9da5dc8,0x00000000fa000000)
  to   space 10752K, 0% used [0x00000000fa000000,0x00000000fa000000,0x00000000faa80000)
 ParOldGen       total 175104K, used 6629K [0x00000000e0000000, 0x00000000eab00000, 0x00000000f5580000)
  object space 175104K, 3% used [0x00000000e0000000,0x00000000e06796c0,0x00000000eab00000)
 Metaspace       used 33627K, capacity 34828K, committed 34944K, reserved 1079296K
  class space    used 4710K, capacity 4983K, committed 4992K, reserved 1048576K
Event: 4.300 GC heap after
Heap after GC invocations=7 (full 1):
 PSYoungGen      total 76288K, used 8871K [0x00000000f5580000, 0x00000000faa80000, 0x0000000100000000)
  eden space 65536K, 0% used [0x00000000f5580000,0x00000000f5580000,0x00000000f9580000)
  from space 10752K, 82% used [0x00000000fa000000,0x00000000fa8a9da8,0x00000000faa80000)
  to   space 10752K, 0% used [0x00000000f9580000,0x00000000f9580000,0x00000000fa000000)
 ParOldGen       total 175104K, used 6637K [0x00000000e0000000, 0x00000000eab00000, 0x00000000f5580000)
  object space 175104K, 3% used [0x00000000e0000000,0x00000000e067b6c0,0x00000000eab00000)
 Metaspace       used 33627K, capacity 34828K, committed 34944K, reserved 1079296K
  class space    used 4710K, capacity 4983K, committed 4992K, reserved 1048576K
}
Event: 4.355 GC heap before
{Heap before GC invocations=8 (full 1):
 PSYoungGen      total 76288K, used 16753K [0x00000000f5580000, 0x00000000faa80000, 0x0000000100000000)
  eden space 65536K, 12% used [0x00000000f5580000,0x00000000f5d32668,0x00000000f9580000)
  from space 10752K, 82% used [0x00000000fa000000,0x00000000fa8a9da8,0x00000000faa80000)
  to   space 10752K, 0% used [0x00000000f9580000,0x00000000f9580000,0x00000000fa000000)
 ParOldGen       total 175104K, used 6637K [0x00000000e0000000, 0x00000000eab00000, 0x00000000f5580000)
  object space 175104K, 3% used [0x00000000e0000000,0x00000000e067b6c0,0x00000000eab00000)
 Metaspace       used 34191K, capacity 35374K, committed 35416K, reserved 1079296K
  class space    used 4811K, capacity 5094K, committed 5120K, reserved 1048576K
Event: 4.365 GC heap after
Heap after GC invocations=8 (full 1):
 PSYoungGen      total 76288K, used 6195K [0x00000000f5580000, 0x00000000faa80000, 0x0000000100000000)
  eden space 65536K, 0% used [0x00000000f5580000,0x00000000f5580000,0x00000000f9580000)
  from space 10752K, 57% used [0x00000000f9580000,0x00000000f9b8cf90,0x00000000fa000000)
  to   space 10752K, 0% used [0x00000000fa000000,0x00000000fa000000,0x00000000faa80000)
 ParOldGen       total 175104K, used 6637K [0x00000000e0000000, 0x00000000eab00000, 0x00000000f5580000)
  object space 175104K, 3% used [0x00000000e0000000,0x00000000e067b6c0,0x00000000eab00000)
 Metaspace       used 34191K, capacity 35374K, committed 35416K, reserved 1079296K
  class space    used 4811K, capacity 5094K, committed 5120K, reserved 1048576K
}
Event: 4.365 GC heap before
{Heap before GC invocations=9 (full 2):
 PSYoungGen      total 76288K, used 6195K [0x00000000f5580000, 0x00000000faa80000, 0x0000000100000000)
  eden space 65536K, 0% used [0x00000000f5580000,0x00000000f5580000,0x00000000f9580000)
  from space 10752K, 57% used [0x00000000f9580000,0x00000000f9b8cf90,0x00000000fa000000)
  to   space 10752K, 0% used [0x00000000fa000000,0x00000000fa000000,0x00000000faa80000)
 ParOldGen       total 175104K, used 6637K [0x00000000e0000000, 0x00000000eab00000, 0x00000000f5580000)
  object space 175104K, 3% used [0x00000000e0000000,0x00000000e067b6c0,0x00000000eab00000)
 Metaspace       used 34191K, capacity 35374K, committed 35416K, reserved 1079296K
  class space    used 4811K, capacity 5094K, committed 5120K, reserved 1048576K
Event: 4.445 GC heap after
Heap after GC invocations=9 (full 2):
 PSYoungGen      total 76288K, used 0K [0x00000000f5580000, 0x00000000faa80000, 0x0000000100000000)
  eden space 65536K, 0% used [0x00000000f5580000,0x00000000f5580000,0x00000000f9580000)
  from space 10752K, 0% used [0x00000000f9580000,0x00000000f9580000,0x00000000fa000000)
  to   space 10752K, 0% used [0x00000000fa000000,0x00000000fa000000,0x00000000faa80000)
 ParOldGen       total 175104K, used 12581K [0x00000000e0000000, 0x00000000eab00000, 0x00000000f5580000)
  object space 175104K, 7% used [0x00000000e0000000,0x00000000e0c49790,0x00000000eab00000)
 Metaspace       used 34191K, capacity 35374K, committed 35416K, reserved 1079296K
  class space    used 4811K, capacity 5094K, committed 5120K, reserved 1048576K
}
Event: 4.971 GC heap before
{Heap before GC invocations=10 (full 2):
 PSYoungGen      total 76288K, used 65536K [0x00000000f5580000, 0x00000000faa80000, 0x0000000100000000)
  eden space 65536K, 100% used [0x00000000f5580000,0x00000000f9580000,0x00000000f9580000)
  from space 10752K, 0% used [0x00000000f9580000,0x00000000f9580000,0x00000000fa000000)
  to   space 10752K, 0% used [0x00000000fa000000,0x00000000fa000000,0x00000000faa80000)
 ParOldGen       total 175104K, used 12581K [0x00000000e0000000, 0x00000000eab00000, 0x00000000f5580000)
  object space 175104K, 7% used [0x00000000e0000000,0x00000000e0c49790,0x00000000eab00000)
 Metaspace       used 38384K, capacity 40154K, committed 40320K, reserved 1083392K
  class space    used 5529K, capacity 5899K, committed 6016K, reserved 1048576K
Event: 4.977 GC heap after
Heap after GC invocations=10 (full 2):
 PSYoungGen      total 76288K, used 5995K [0x00000000f5580000, 0x00000000faa80000, 0x0000000100000000)
  eden space 65536K, 0% used [0x00000000f5580000,0x00000000f5580000,0x00000000f9580000)
  from space 10752K, 55% used [0x00000000fa000000,0x00000000fa5dafa0,0x00000000faa80000)
  to   space 10752K, 0% used [0x00000000f9580000,0x00000000f9580000,0x00000000fa000000)
 ParOldGen       total 175104K, used 12589K [0x00000000e0000000, 0x00000000eab00000, 0x00000000f5580000)
  object space 175104K, 7% used [0x00000000e0000000,0x00000000e0c4b790,0x00000000eab00000)
 Metaspace       used 38384K, capacity 40154K, committed 40320K, reserved 1083392K
  class space    used 5529K, capacity 5899K, committed 6016K, reserved 1048576K
}

